Individual- 0
/home1/pratik/anaconda2/envs/env1/lib/python2.7/site-packages/sklearn/metrics/cluster/unsupervised.py:342: RuntimeWarning: divide by zero encountered in true_divide
  score = (intra_dists[:, None] + intra_dists) / centroid_distances
Individual- 1
/home1/pratik/anaconda2/envs/env1/lib/python2.7/site-packages/sklearn/metrics/cluster/unsupervised.py:342: RuntimeWarning: invalid value encountered in true_divide
  score = (intra_dists[:, None] + intra_dists) / centroid_distances
Individual- 2
Individual- 3
Individual- 4
Individual- 5
Individual- 6
Individual- 7
Individual- 8
Individual- 9
Individual- 10
Individual- 11
Individual- 12
Individual- 13
Individual- 14
Individual- 15
Individual- 16
Individual- 17
Individual- 18
Individual- 19
Individual- 20
Individual- 21
Individual- 22
Individual- 23
Individual- 24
Individual- 25
Individual- 26
Individual- 27
Individual- 28
Individual- 29
Individual- 30
Individual- 31
Individual- 32
Individual- 33
Individual- 34
Individual- 35
Individual- 36
Individual- 37
Individual- 38
Individual- 39
Individual- 40
Individual- 41
Individual- 42
Individual- 43
Individual- 44
Individual- 45
Individual- 46
Individual- 47
Individual- 48
Individual- 49
Individual- 50
Individual- 51
Individual- 52
Individual- 53
Individual- 54
Individual- 55
Individual- 56
Individual- 57
Individual- 58
Individual- 59
Individual- 60
Individual- 61
Individual- 62
Individual- 63
Individual- 64
Individual- 65
Individual- 66
Individual- 67
Individual- 68
Individual- 69
Individual- 70
Individual- 71
Individual- 72
Individual- 73
Individual- 74
Individual- 75
Individual- 76
Individual- 77
Individual- 78
Individual- 79
Individual- 80
Individual- 81
Individual- 82
Individual- 83
Individual- 84
Individual- 85
Individual- 86
Individual- 87
Individual- 88
Individual- 89
Individual- 90
Individual- 91
Individual- 92
Individual- 93
Individual- 94
Individual- 95
Individual- 96
Individual- 97
Individual- 98
Individual- 99
@@@@@@@@@@@@@@@@@@@@@@@@@@@@@@@@@@@@@@Initial population done
@@@@@@@@@@@@@@@@@@@@@@@@@@@@@@@@@@@@@@@@@@@@2Fast NBS Done
0 Generation
## -0.03590985209510213
## -0.07241280449220985
## 0.039243740812927454
## -0.02241477512229393
## 0.030848819252715952
## 0.035684325855127846
## -0.026571476589809528
## -0.028323834611127665
## 0.04822628903127549
## -0.07068906242692635
## -0.0864523808602202
## -0.05578839598449698
## 0.0729269742036502
## -0.11974066283355812
## -0.0722915933137424
## -0.030116788885110955
## -0.04581523652631045
Generation:- 0
$$$$$$$$$$$$$$$$$$$$$$$$$$$$$$$$$$$$$$$$$$$$$$$$$$$$$$$$$$$$
1 Generation
Generation:- 1
$$$$$$$$$$$$$$$$$$$$$$$$$$$$$$$$$$$$$$$$$$$$$$$$$$$$$$$$$$$$
2 Generation
Generation:- 2
$$$$$$$$$$$$$$$$$$$$$$$$$$$$$$$$$$$$$$$$$$$$$$$$$$$$$$$$$$$$
3 Generation
Generation:- 3
$$$$$$$$$$$$$$$$$$$$$$$$$$$$$$$$$$$$$$$$$$$$$$$$$$$$$$$$$$$$
4 Generation
Generation:- 4
$$$$$$$$$$$$$$$$$$$$$$$$$$$$$$$$$$$$$$$$$$$$$$$$$$$$$$$$$$$$
5 Generation
## 0.030848819252715952
## -0.07068906242692635
## -0.05578839598449698
## -0.0722915933137424
## -0.11319193880725321
## -0.031483543788670326
## 0.0741255855378022
## -0.04695101785125027
## 0.07077141658484727
## 0.07177230597923724
## -0.0178375045072051
## -0.05642815308737285
## -0.023589403186267184
## -0.014072290068938979
## -0.01606313555215561
## -0.015539545583079361
## 0.0743509274420753
## 0.07170309434561349
## 0.008938568553697969
## -0.015755551753532156
## -0.032471067808347444
## 0.01447735093844316
## -0.028506859496884158
## 0.050231174317589264
## -0.04176747318541485
## 0.07346221950666683
## -0.01669835989662253
## -0.019125150018722267
## -0.025061700802361586
## 0.03419944982790751
## -0.05396279667455927
## 0.04308810606177702
## -0.01428640058134472
## 0.07325336302600688
Generation:- 5
$$$$$$$$$$$$$$$$$$$$$$$$$$$$$$$$$$$$$$$$$$$$$$$$$$$$$$$$$$$$
6 Generation
Generation:- 6
$$$$$$$$$$$$$$$$$$$$$$$$$$$$$$$$$$$$$$$$$$$$$$$$$$$$$$$$$$$$
7 Generation
Generation:- 7
$$$$$$$$$$$$$$$$$$$$$$$$$$$$$$$$$$$$$$$$$$$$$$$$$$$$$$$$$$$$
8 Generation
Generation:- 8
$$$$$$$$$$$$$$$$$$$$$$$$$$$$$$$$$$$$$$$$$$$$$$$$$$$$$$$$$$$$
9 Generation
Generation:- 9
$$$$$$$$$$$$$$$$$$$$$$$$$$$$$$$$$$$$$$$$$$$$$$$$$$$$$$$$$$$$
10 Generation
## -0.05578839598449698
## -0.0722915933137424
## 0.0741255855378022
## 0.07077141658484727
## -0.05642815308737285
## -0.023589403186267184
## -0.014072290068938979
## -0.015539545583079361
## 0.0743509274420753
## -0.015755551753532156
## -0.032471067808347444
## 0.01447735093844316
## -0.028506859496884158
## 0.07346221950666683
## -0.019125150018722267
## 0.04308810606177702
## -0.01875732920492553
## 0.07308295359776765
## 0.0395952023124442
## 0.046004915170506644
## -0.004541982417999545
## -0.008866966646294865
## -0.03322928704267285
## 0.06545063577670783
## 0.07145874275871353
## 0.050116326025674444
## -0.005606750062785619
## -0.030352764865543443
## -0.023997478464541457
## 0.04377628680675758
## 0.053296669352169604
## -0.11707563386254036
## 0.04690605276025631
Generation:- 10
$$$$$$$$$$$$$$$$$$$$$$$$$$$$$$$$$$$$$$$$$$$$$$$$$$$$$$$$$$$$
11 Generation
Generation:- 11
$$$$$$$$$$$$$$$$$$$$$$$$$$$$$$$$$$$$$$$$$$$$$$$$$$$$$$$$$$$$
12 Generation
Generation:- 12
$$$$$$$$$$$$$$$$$$$$$$$$$$$$$$$$$$$$$$$$$$$$$$$$$$$$$$$$$$$$
13 Generation
Generation:- 13
$$$$$$$$$$$$$$$$$$$$$$$$$$$$$$$$$$$$$$$$$$$$$$$$$$$$$$$$$$$$
14 Generation
../nsga2/utils.py:58: RuntimeWarning: overflow encountered in double_scalars
  front[index].crowding_distance = (front[index+1].crowding_distance - front[index-1].crowding_distance) / (self.problem.max_objectives[m] - self.problem.min_objectives[m])
../nsga2/utils.py:58: RuntimeWarning: invalid value encountered in double_scalars
  front[index].crowding_distance = (front[index+1].crowding_distance - front[index-1].crowding_distance) / (self.problem.max_objectives[m] - self.problem.min_objectives[m])
Generation:- 14
$$$$$$$$$$$$$$$$$$$$$$$$$$$$$$$$$$$$$$$$$$$$$$$$$$$$$$$$$$$$
15 Generation
## 0.0741255855378022
## -0.014072290068938979
## -0.015539545583079361
## 0.0743509274420753
## -0.015755551753532156
## 0.01447735093844316
## 0.04308810606177702
## 0.07308295359776765
## 0.046004915170506644
## -0.008866966646294865
## -0.03322928704267285
## 0.06545063577670783
## 0.07145874275871353
## 0.050116326025674444
## -0.005606750062785619
## -0.030352764865543443
## -0.023997478464541457
## 0.04377628680675758
## 0.053296669352169604
## 0.04690605276025631
## -0.01231657051173347
## 0.04804489775706433
## -0.023210954322420905
## -0.021777448687448735
## 0.0752332069993182
## 0.050581713447961224
## 0.07097133067925779
## 0.07262059202801423
## -0.04852210114895611
## 0.047644396804539545
## 0.028484020657480173
## -0.039407949821047186
## -0.053984260826975744
## -0.029555963569162288
Generation:- 15
$$$$$$$$$$$$$$$$$$$$$$$$$$$$$$$$$$$$$$$$$$$$$$$$$$$$$$$$$$$$
16 Generation
Generation:- 16
$$$$$$$$$$$$$$$$$$$$$$$$$$$$$$$$$$$$$$$$$$$$$$$$$$$$$$$$$$$$
17 Generation
Generation:- 17
$$$$$$$$$$$$$$$$$$$$$$$$$$$$$$$$$$$$$$$$$$$$$$$$$$$$$$$$$$$$
18 Generation
Generation:- 18
$$$$$$$$$$$$$$$$$$$$$$$$$$$$$$$$$$$$$$$$$$$$$$$$$$$$$$$$$$$$
19 Generation
Generation:- 19
$$$$$$$$$$$$$$$$$$$$$$$$$$$$$$$$$$$$$$$$$$$$$$$$$$$$$$$$$$$$
20 Generation
## 0.0741255855378022
## -0.014072290068938979
## -0.015539545583079361
## 0.0743509274420753
## 0.01447735093844316
## 0.04308810606177702
## 0.07308295359776765
## 0.06545063577670783
## 0.07145874275871353
## 0.050116326025674444
## -0.005606750062785619
## -0.030352764865543443
## 0.04377628680675758
## 0.053296669352169604
## 0.04690605276025631
## -0.01231657051173347
## -0.023210954322420905
## -0.021777448687448735
## 0.0752332069993182
## 0.050581713447961224
## 0.07097133067925779
## 0.07262059202801423
## -0.04852210114895611
## 0.047644396804539545
## -0.053984260826975744
## -0.029555963569162288
## 0.0737025779500975
## -0.007102211998855868
## -0.040715208539461326
## -0.031032702084251275
## 0.06773174040223606
## 0.04499448501271167
## 0.07346221950666683
## -0.019668015996755127
## 0.011961471382849252
## 0.0028957205125676195
## 0.07382493745981807
Generation:- 20
$$$$$$$$$$$$$$$$$$$$$$$$$$$$$$$$$$$$$$$$$$$$$$$$$$$$$$$$$$$$
21 Generation
Generation:- 21
$$$$$$$$$$$$$$$$$$$$$$$$$$$$$$$$$$$$$$$$$$$$$$$$$$$$$$$$$$$$
22 Generation
Generation:- 22
$$$$$$$$$$$$$$$$$$$$$$$$$$$$$$$$$$$$$$$$$$$$$$$$$$$$$$$$$$$$
23 Generation
Generation:- 23
$$$$$$$$$$$$$$$$$$$$$$$$$$$$$$$$$$$$$$$$$$$$$$$$$$$$$$$$$$$$
24 Generation
Generation:- 24
$$$$$$$$$$$$$$$$$$$$$$$$$$$$$$$$$$$$$$$$$$$$$$$$$$$$$$$$$$$$
25 Generation
## 0.0741255855378022
## -0.014072290068938979
## -0.015539545583079361
## 0.0743509274420753
## 0.01447735093844316
## 0.04308810606177702
## 0.07308295359776765
## 0.06545063577670783
## 0.07145874275871353
## 0.050116326025674444
## -0.005606750062785619
## -0.030352764865543443
## 0.04377628680675758
## 0.053296669352169604
## 0.04690605276025631
## -0.01231657051173347
## -0.021777448687448735
## 0.0752332069993182
## 0.050581713447961224
## 0.07097133067925779
## 0.07262059202801423
## -0.04852210114895611
## 0.047644396804539545
## 0.0737025779500975
## -0.007102211998855868
## -0.031032702084251275
## 0.06773174040223606
## 0.04499448501271167
## 0.07346221950666683
## -0.019668015996755127
## 0.011961471382849252
## 0.0028957205125676195
## 0.07382493745981807
## 0.057931143043303455
## 0.0464425817330989
## 0.06348614822691276
## 0.07256582845105894
## -0.04012875124419482
Generation:- 25
$$$$$$$$$$$$$$$$$$$$$$$$$$$$$$$$$$$$$$$$$$$$$$$$$$$$$$$$$$$$
26 Generation
Generation:- 26
$$$$$$$$$$$$$$$$$$$$$$$$$$$$$$$$$$$$$$$$$$$$$$$$$$$$$$$$$$$$
27 Generation
Generation:- 27
$$$$$$$$$$$$$$$$$$$$$$$$$$$$$$$$$$$$$$$$$$$$$$$$$$$$$$$$$$$$
28 Generation
Generation:- 28
$$$$$$$$$$$$$$$$$$$$$$$$$$$$$$$$$$$$$$$$$$$$$$$$$$$$$$$$$$$$
29 Generation
Generation:- 29
$$$$$$$$$$$$$$$$$$$$$$$$$$$$$$$$$$$$$$$$$$$$$$$$$$$$$$$$$$$$
30 Generation
## 0.0741255855378022
## -0.015539545583079361
## 0.0743509274420753
## 0.01447735093844316
## 0.04308810606177702
## 0.07308295359776765
## 0.06545063577670783
## 0.07145874275871353
## 0.050116326025674444
## -0.005606750062785619
## -0.030352764865543443
## 0.04377628680675758
## 0.053296669352169604
## 0.04690605276025631
## -0.01231657051173347
## -0.021777448687448735
## 0.0752332069993182
## 0.050581713447961224
## 0.07097133067925779
## 0.07262059202801423
## 0.047644396804539545
## 0.0737025779500975
## -0.031032702084251275
## 0.06773174040223606
## 0.04499448501271167
## -0.019668015996755127
## 0.011961471382849252
## 0.0028957205125676195
## 0.07382493745981807
## 0.057931143043303455
## 0.0464425817330989
## 0.06348614822691276
## 0.07256582845105894
## -0.04012875124419482
## 0.07555894055256873
## 0.07345140020098705
## 0.07354161346358982
## 0.044928724745384695
## -0.015258448812405276
## 0.07473559066182098
## -0.0038773985592721475
## -0.030035320669257442
## 0.051718970778111065
Generation:- 30
$$$$$$$$$$$$$$$$$$$$$$$$$$$$$$$$$$$$$$$$$$$$$$$$$$$$$$$$$$$$
31 Generation
Generation:- 31
$$$$$$$$$$$$$$$$$$$$$$$$$$$$$$$$$$$$$$$$$$$$$$$$$$$$$$$$$$$$
32 Generation
Generation:- 32
$$$$$$$$$$$$$$$$$$$$$$$$$$$$$$$$$$$$$$$$$$$$$$$$$$$$$$$$$$$$
33 Generation
Generation:- 33
$$$$$$$$$$$$$$$$$$$$$$$$$$$$$$$$$$$$$$$$$$$$$$$$$$$$$$$$$$$$
34 Generation
Generation:- 34
$$$$$$$$$$$$$$$$$$$$$$$$$$$$$$$$$$$$$$$$$$$$$$$$$$$$$$$$$$$$
35 Generation
## 0.0741255855378022
## -0.015539545583079361
## 0.0743509274420753
## 0.01447735093844316
## 0.04308810606177702
## 0.07308295359776765
## 0.06545063577670783
## 0.07145874275871353
## 0.050116326025674444
## -0.005606750062785619
## -0.030352764865543443
## 0.04377628680675758
## 0.053296669352169604
## 0.04690605276025631
## -0.01231657051173347
## -0.021777448687448735
## 0.0752332069993182
## 0.050581713447961224
## 0.07097133067925779
## 0.07262059202801423
## 0.047644396804539545
## 0.0737025779500975
## -0.031032702084251275
## 0.06773174040223606
## 0.04499448501271167
## -0.019668015996755127
## 0.011961471382849252
## 0.0028957205125676195
## 0.07382493745981807
## 0.057931143043303455
## 0.0464425817330989
## 0.06348614822691276
## 0.07256582845105894
## -0.04012875124419482
## 0.07555894055256873
## 0.07345140020098705
## 0.07354161346358982
## 0.044928724745384695
## -0.015258448812405276
## 0.07473559066182098
## -0.0038773985592721475
## -0.030035320669257442
## 0.051718970778111065
## -0.02682060378476498
## 0.0731186130952678
## -0.02580477105724841
## 0.0737410968945776
## -0.037294292923256554
## 0.07274574583918421
## 0.07513503535092653
Generation:- 35
$$$$$$$$$$$$$$$$$$$$$$$$$$$$$$$$$$$$$$$$$$$$$$$$$$$$$$$$$$$$
36 Generation
Generation:- 36
$$$$$$$$$$$$$$$$$$$$$$$$$$$$$$$$$$$$$$$$$$$$$$$$$$$$$$$$$$$$
37 Generation
Generation:- 37
$$$$$$$$$$$$$$$$$$$$$$$$$$$$$$$$$$$$$$$$$$$$$$$$$$$$$$$$$$$$
38 Generation
Generation:- 38
$$$$$$$$$$$$$$$$$$$$$$$$$$$$$$$$$$$$$$$$$$$$$$$$$$$$$$$$$$$$
39 Generation
Generation:- 39
$$$$$$$$$$$$$$$$$$$$$$$$$$$$$$$$$$$$$$$$$$$$$$$$$$$$$$$$$$$$
40 Generation
## 0.0741255855378022
## -0.015539545583079361
## 0.0743509274420753
## 0.01447735093844316
## 0.04308810606177702
## 0.07308295359776765
## 0.06545063577670783
## 0.07145874275871353
## 0.050116326025674444
## -0.005606750062785619
## -0.030352764865543443
## 0.04377628680675758
## 0.053296669352169604
## 0.04690605276025631
## -0.01231657051173347
## -0.021777448687448735
## 0.0752332069993182
## 0.050581713447961224
## 0.07097133067925779
## 0.07262059202801423
## 0.047644396804539545
## -0.031032702084251275
## 0.06773174040223606
## 0.04499448501271167
## -0.019668015996755127
## 0.011961471382849252
## 0.0028957205125676195
## 0.07382493745981807
## 0.057931143043303455
## 0.0464425817330989
## 0.06348614822691276
## 0.07256582845105894
## -0.04012875124419482
## 0.07555894055256873
## 0.07345140020098705
## 0.044928724745384695
## 0.07473559066182098
## -0.0038773985592721475
## -0.030035320669257442
## 0.051718970778111065
## -0.02682060378476498
## 0.0731186130952678
## -0.02580477105724841
## -0.037294292923256554
## 0.07513503535092653
## 0.0734047516210089
## 0.07243112672891396
## 0.07341122653761938
## 0.07207520837643429
## 0.048489067064871806
## 0.03283641360749305
## 0.073397631543927
Generation:- 40
$$$$$$$$$$$$$$$$$$$$$$$$$$$$$$$$$$$$$$$$$$$$$$$$$$$$$$$$$$$$
41 Generation
Generation:- 41
$$$$$$$$$$$$$$$$$$$$$$$$$$$$$$$$$$$$$$$$$$$$$$$$$$$$$$$$$$$$
42 Generation
Generation:- 42
$$$$$$$$$$$$$$$$$$$$$$$$$$$$$$$$$$$$$$$$$$$$$$$$$$$$$$$$$$$$
43 Generation
Generation:- 43
$$$$$$$$$$$$$$$$$$$$$$$$$$$$$$$$$$$$$$$$$$$$$$$$$$$$$$$$$$$$
44 Generation
Generation:- 44
$$$$$$$$$$$$$$$$$$$$$$$$$$$$$$$$$$$$$$$$$$$$$$$$$$$$$$$$$$$$
45 Generation
## 0.0741255855378022
## -0.015539545583079361
## 0.01447735093844316
## 0.07308295359776765
## 0.06545063577670783
## 0.07145874275871353
## 0.050116326025674444
## -0.005606750062785619
## -0.030352764865543443
## 0.04377628680675758
## 0.053296669352169604
## 0.04690605276025631
## -0.01231657051173347
## -0.021777448687448735
## 0.050581713447961224
## 0.07097133067925779
## 0.07262059202801423
## 0.047644396804539545
## -0.031032702084251275
## 0.06773174040223606
## -0.019668015996755127
## 0.011961471382849252
## 0.0028957205125676195
## 0.057931143043303455
## 0.0464425817330989
## 0.06348614822691276
## 0.07256582845105894
## -0.04012875124419482
## 0.07555894055256873
## 0.07345140020098705
## 0.044928724745384695
## 0.07473559066182098
## -0.0038773985592721475
## -0.030035320669257442
## 0.051718970778111065
## -0.02580477105724841
## -0.037294292923256554
## 0.07513503535092653
## 0.07207520837643429
## 0.048489067064871806
## 0.03283641360749305
## -0.027980781432986997
## 0.07369163186134672
## -0.012737392812593205
## -0.029198776580605018
## 0.04413241609751857
## 0.0721137506267094
## 0.07485090992688503
## 0.07224758690830597
Generation:- 45
$$$$$$$$$$$$$$$$$$$$$$$$$$$$$$$$$$$$$$$$$$$$$$$$$$$$$$$$$$$$
46 Generation
Generation:- 46
$$$$$$$$$$$$$$$$$$$$$$$$$$$$$$$$$$$$$$$$$$$$$$$$$$$$$$$$$$$$
47 Generation
Generation:- 47
$$$$$$$$$$$$$$$$$$$$$$$$$$$$$$$$$$$$$$$$$$$$$$$$$$$$$$$$$$$$
48 Generation
Generation:- 48
$$$$$$$$$$$$$$$$$$$$$$$$$$$$$$$$$$$$$$$$$$$$$$$$$$$$$$$$$$$$
49 Generation
Generation:- 49
$$$$$$$$$$$$$$$$$$$$$$$$$$$$$$$$$$$$$$$$$$$$$$$$$$$$$$$$$$$$
50 Generation
## 0.0741255855378022
## 0.01447735093844316
## 0.07308295359776765
## 0.06545063577670783
## 0.07145874275871353
## 0.050116326025674444
## -0.005606750062785619
## -0.030352764865543443
## 0.053296669352169604
## 0.04690605276025631
## -0.01231657051173347
## -0.021777448687448735
## 0.050581713447961224
## 0.07097133067925779
## 0.07262059202801423
## -0.031032702084251275
## 0.06773174040223606
## -0.019668015996755127
## 0.011961471382849252
## 0.0028957205125676195
## 0.057931143043303455
## 0.06348614822691276
## 0.07256582845105894
## 0.07555894055256873
## 0.07345140020098705
## 0.044928724745384695
## 0.07473559066182098
## -0.0038773985592721475
## -0.030035320669257442
## -0.02580477105724841
## -0.037294292923256554
## 0.07513503535092653
## 0.07207520837643429
## 0.03283641360749305
## -0.027980781432986997
## 0.07369163186134672
## -0.029198776580605018
## 0.04413241609751857
## 0.0721137506267094
## 0.07485090992688503
## 0.07224758690830597
## 0.048102022003377876
## 0.07339407377664493
## 0.04758284135065426
## -0.014020055646992477
Generation:- 50
$$$$$$$$$$$$$$$$$$$$$$$$$$$$$$$$$$$$$$$$$$$$$$$$$$$$$$$$$$$$
